2014/08/29 15:19:41 [error] [system.db.CDbCommand] CDbCommand::fetchAll() failed: SQLSTATE[42S02]: Base table or view not found: 1146 Table 'test.tbl_user' doesn't exist. The SQL statement executed was: SHOW FULL COLUMNS FROM `tbl_user`.
in Z:\home\test1.ru\www\index.php (13)
2014/08/29 15:20:54 [error] [system.db.CDbCommand] CDbCommand::fetchAll() failed: SQLSTATE[42S02]: Base table or view not found: 1146 Table 'test.tbl_user' doesn't exist. The SQL statement executed was: SHOW FULL COLUMNS FROM `tbl_user`.
in Z:\home\test1.ru\www\index.php (13)
2014/08/29 15:21:58 [error] [system.db.CDbCommand] CDbCommand::fetchAll() failed: SQLSTATE[42S02]: Base table or view not found: 1146 Table 'test.tbl_user' doesn't exist. The SQL statement executed was: SHOW FULL COLUMNS FROM `tbl_user`.
in Z:\home\test1.ru\www\index.php (13)
2014/08/29 15:23:53 [error] [system.db.CDbCommand] CDbCommand::fetchAll() failed: SQLSTATE[42S02]: Base table or view not found: 1146 Table 'test.tbl_user' doesn't exist. The SQL statement executed was: SHOW FULL COLUMNS FROM `tbl_user`.
in Z:\home\test1.ru\www\index.php (13)
2014/09/04 14:32:53 [error] [exception.CException] exception 'CException' with message 'Property "User.title" is not defined.' in Z:\home\localhost\www\yii\framework\base\CComponent.php:130
Stack trace:
#0 Z:\home\localhost\www\yii\framework\db\ar\CActiveRecord.php(145): CComponent->__get('title')
#1 Z:\home\test1.ru\www\protected\components\UserIdentity.php(30): CActiveRecord->__get('title')
#2 Z:\home\test1.ru\www\protected\models\LoginForm.php(52): UserIdentity->authenticate()
#3 Z:\home\localhost\www\yii\framework\validators\CInlineValidator.php(42): LoginForm->authenticate('password', Array)
#4 Z:\home\localhost\www\yii\framework\validators\CValidator.php(213): CInlineValidator->validateAttribute(Object(LoginForm), 'password')
#5 Z:\home\localhost\www\yii\framework\base\CModel.php(159): CValidator->validate(Object(LoginForm), NULL)
#6 Z:\home\test1.ru\www\protected\controllers\SiteController.php(94): CModel->validate()
#7 Z:\home\localhost\www\yii\framework\web\actions\CInlineAction.php(49): SiteController->actionLogin()
#8 Z:\home\localhost\www\yii\framework\web\CController.php(308): CInlineAction->runWithParams(Array)
#9 Z:\home\localhost\www\yii\framework\web\CController.php(286): CController->runAction(Object(CInlineAction))
#10 Z:\home\localhost\www\yii\framework\web\CController.php(265): CController->runActionWithFilters(Object(CInlineAction), Array)
#11 Z:\home\localhost\www\yii\framework\web\CWebApplication.php(282): CController->run('login')
#12 Z:\home\localhost\www\yii\framework\web\CWebApplication.php(141): CWebApplication->runController('site/login')
#13 Z:\home\localhost\www\yii\framework\base\CApplication.php(180): CWebApplication->processRequest()
#14 Z:\home\test1.ru\www\index.php(13): CApplication->run()
#15 {main}
REQUEST_URI=/index.php?r=site/login
HTTP_REFERER=http://test1.ru/index.php?r=site/login
---
2014/09/04 15:46:10 [error] [exception.CException] exception 'CException' with message 'Property "Task.derector" is not defined.' in Z:\home\localhost\www\yii\framework\base\CComponent.php:173
Stack trace:
#0 Z:\home\localhost\www\yii\framework\db\ar\CActiveRecord.php(161): CComponent->__set('derector', '123')
#1 Z:\home\test1.ru\www\protected\views\task\view.php(22): CActiveRecord->__set('derector', '123')
#2 Z:\home\localhost\www\yii\framework\web\CBaseController.php(126): require('Z:\home\test1.r...')
#3 Z:\home\localhost\www\yii\framework\web\CBaseController.php(95): CBaseController->renderInternal('Z:\home\test1.r...', Array, true)
#4 Z:\home\localhost\www\yii\framework\web\CController.php(869): CBaseController->renderFile('Z:\home\test1.r...', Array, true)
#5 Z:\home\localhost\www\yii\framework\web\CController.php(782): CController->renderPartial('view', Array, true)
#6 Z:\home\test1.ru\www\protected\controllers\TaskController.php(56): CController->render('view', Array)
#7 [internal function]: TaskController->actionView('1')
#8 Z:\home\localhost\www\yii\framework\web\actions\CAction.php(108): ReflectionMethod->invokeArgs(Object(TaskController), Array)
#9 Z:\home\localhost\www\yii\framework\web\actions\CInlineAction.php(47): CAction->runWithParamsInternal(Object(TaskController), Object(ReflectionMethod), Array)
#10 Z:\home\localhost\www\yii\framework\web\CController.php(308): CInlineAction->runWithParams(Array)
#11 Z:\home\localhost\www\yii\framework\web\filters\CFilterChain.php(133): CController->runAction(Object(CInlineAction))
#12 Z:\home\localhost\www\yii\framework\web\filters\CFilter.php(40): CFilterChain->run()
#13 Z:\home\localhost\www\yii\framework\web\CController.php(1145): CFilter->filter(Object(CFilterChain))
#14 Z:\home\localhost\www\yii\framework\web\filters\CInlineFilter.php(58): CController->filterAccessControl(Object(CFilterChain))
#15 Z:\home\localhost\www\yii\framework\web\filters\CFilterChain.php(130): CInlineFilter->filter(Object(CFilterChain))
#16 Z:\home\localhost\www\yii\framework\web\CController.php(291): CFilterChain->run()
#17 Z:\home\localhost\www\yii\framework\web\CController.php(265): CController->runActionWithFilters(Object(CInlineAction), Array)
#18 Z:\home\localhost\www\yii\framework\web\CWebApplication.php(282): CController->run('view')
#19 Z:\home\localhost\www\yii\framework\web\CWebApplication.php(141): CWebApplication->runController('task/view')
#20 Z:\home\localhost\www\yii\framework\base\CApplication.php(180): CWebApplication->processRequest()
#21 Z:\home\test1.ru\www\index.php(13): CApplication->run()
#22 {main}
REQUEST_URI=/index.php?r=task/view&id=1
HTTP_REFERER=http://test1.ru/index.php?r=task/index
---
2014/09/04 16:29:40 [error] [exception.CException] exception 'CException' with message 'Property "LoginForm.Запомнить меня" is not defined.' in Z:\home\localhost\www\yii\framework\base\CComponent.php:130
Stack trace:
#0 Z:\home\localhost\www\yii\framework\web\helpers\CHtml.php(2529): CComponent->__get('???????????????...')
#1 Z:\home\localhost\www\yii\framework\web\helpers\CHtml.php(1743): CHtml::resolveValue(Object(LoginForm), '???????????????...')
#2 Z:\home\localhost\www\yii\framework\web\widgets\CActiveForm.php(831): CHtml::activeCheckBox(Object(LoginForm), '???????????????...', Array)
#3 Z:\home\test1.ru\www\protected\views\site\login.php(43): CActiveForm->checkBox(Object(LoginForm), '???????????????...')
#4 Z:\home\localhost\www\yii\framework\web\CBaseController.php(126): require('Z:\home\test1.r...')
#5 Z:\home\localhost\www\yii\framework\web\CBaseController.php(95): CBaseController->renderInternal('Z:\home\test1.r...', Array, true)
#6 Z:\home\localhost\www\yii\framework\web\CController.php(869): CBaseController->renderFile('Z:\home\test1.r...', Array, true)
#7 Z:\home\localhost\www\yii\framework\web\CController.php(782): CController->renderPartial('login', Array, true)
#8 Z:\home\test1.ru\www\protected\controllers\SiteController.php(72): CController->render('login', Array)
#9 Z:\home\localhost\www\yii\framework\web\actions\CInlineAction.php(49): SiteController->actionLogin()
#10 Z:\home\localhost\www\yii\framework\web\CController.php(308): CInlineAction->runWithParams(Array)
#11 Z:\home\localhost\www\yii\framework\web\CController.php(286): CController->runAction(Object(CInlineAction))
#12 Z:\home\localhost\www\yii\framework\web\CController.php(265): CController->runActionWithFilters(Object(CInlineAction), Array)
#13 Z:\home\localhost\www\yii\framework\web\CWebApplication.php(282): CController->run('login')
#14 Z:\home\localhost\www\yii\framework\web\CWebApplication.php(141): CWebApplication->runController('site/login')
#15 Z:\home\localhost\www\yii\framework\base\CApplication.php(180): CWebApplication->processRequest()
#16 Z:\home\test1.ru\www\index.php(13): CApplication->run()
#17 {main}
REQUEST_URI=/index.php?r=site/login
HTTP_REFERER=http://test1.ru/index.php?r=site/index
---
2014/09/04 16:30:14 [error] [exception.CException] exception 'CException' with message 'Property "LoginForm.Запомнить меня" is not defined.' in Z:\home\localhost\www\yii\framework\base\CComponent.php:130
Stack trace:
#0 Z:\home\localhost\www\yii\framework\web\helpers\CHtml.php(2529): CComponent->__get('???????????????...')
#1 Z:\home\localhost\www\yii\framework\web\helpers\CHtml.php(1743): CHtml::resolveValue(Object(LoginForm), '???????????????...')
#2 Z:\home\localhost\www\yii\framework\web\widgets\CActiveForm.php(831): CHtml::activeCheckBox(Object(LoginForm), '???????????????...', Array)
#3 Z:\home\test1.ru\www\protected\views\site\login.php(43): CActiveForm->checkBox(Object(LoginForm), '???????????????...')
#4 Z:\home\localhost\www\yii\framework\web\CBaseController.php(126): require('Z:\home\test1.r...')
#5 Z:\home\localhost\www\yii\framework\web\CBaseController.php(95): CBaseController->renderInternal('Z:\home\test1.r...', Array, true)
#6 Z:\home\localhost\www\yii\framework\web\CController.php(869): CBaseController->renderFile('Z:\home\test1.r...', Array, true)
#7 Z:\home\localhost\www\yii\framework\web\CController.php(782): CController->renderPartial('login', Array, true)
#8 Z:\home\test1.ru\www\protected\controllers\SiteController.php(72): CController->render('login', Array)
#9 Z:\home\localhost\www\yii\framework\web\actions\CInlineAction.php(49): SiteController->actionLogin()
#10 Z:\home\localhost\www\yii\framework\web\CController.php(308): CInlineAction->runWithParams(Array)
#11 Z:\home\localhost\www\yii\framework\web\CController.php(286): CController->runAction(Object(CInlineAction))
#12 Z:\home\localhost\www\yii\framework\web\CController.php(265): CController->runActionWithFilters(Object(CInlineAction), Array)
#13 Z:\home\localhost\www\yii\framework\web\CWebApplication.php(282): CController->run('login')
#14 Z:\home\localhost\www\yii\framework\web\CWebApplication.php(141): CWebApplication->runController('site/login')
#15 Z:\home\localhost\www\yii\framework\base\CApplication.php(180): CWebApplication->processRequest()
#16 Z:\home\test1.ru\www\index.php(13): CApplication->run()
#17 {main}
REQUEST_URI=/index.php?r=site/login
HTTP_REFERER=http://test1.ru/
---
2014/09/04 16:31:02 [error] [exception.CException] exception 'CException' with message 'Property "LoginForm.Запомнить меня" is not defined.' in Z:\home\localhost\www\yii\framework\base\CComponent.php:130
Stack trace:
#0 Z:\home\localhost\www\yii\framework\web\helpers\CHtml.php(2529): CComponent->__get('???????????????...')
#1 Z:\home\localhost\www\yii\framework\web\helpers\CHtml.php(1743): CHtml::resolveValue(Object(LoginForm), '???????????????...')
#2 Z:\home\localhost\www\yii\framework\web\widgets\CActiveForm.php(831): CHtml::activeCheckBox(Object(LoginForm), '???????????????...', Array)
#3 Z:\home\test1.ru\www\protected\views\site\login.php(43): CActiveForm->checkBox(Object(LoginForm), '???????????????...')
#4 Z:\home\localhost\www\yii\framework\web\CBaseController.php(126): require('Z:\home\test1.r...')
#5 Z:\home\localhost\www\yii\framework\web\CBaseController.php(95): CBaseController->renderInternal('Z:\home\test1.r...', Array, true)
#6 Z:\home\localhost\www\yii\framework\web\CController.php(869): CBaseController->renderFile('Z:\home\test1.r...', Array, true)
#7 Z:\home\localhost\www\yii\framework\web\CController.php(782): CController->renderPartial('login', Array, true)
#8 Z:\home\test1.ru\www\protected\controllers\SiteController.php(72): CController->render('login', Array)
#9 Z:\home\localhost\www\yii\framework\web\actions\CInlineAction.php(49): SiteController->actionLogin()
#10 Z:\home\localhost\www\yii\framework\web\CController.php(308): CInlineAction->runWithParams(Array)
#11 Z:\home\localhost\www\yii\framework\web\CController.php(286): CController->runAction(Object(CInlineAction))
#12 Z:\home\localhost\www\yii\framework\web\CController.php(265): CController->runActionWithFilters(Object(CInlineAction), Array)
#13 Z:\home\localhost\www\yii\framework\web\CWebApplication.php(282): CController->run('login')
#14 Z:\home\localhost\www\yii\framework\web\CWebApplication.php(141): CWebApplication->runController('site/login')
#15 Z:\home\localhost\www\yii\framework\base\CApplication.php(180): CWebApplication->processRequest()
#16 Z:\home\test1.ru\www\index.php(13): CApplication->run()
#17 {main}
REQUEST_URI=/index.php?r=site/login
HTTP_REFERER=http://test1.ru/
---
2014/09/04 16:48:38 [error] [exception.CHttpException.403] exception 'CHttpException' with message 'You are not authorized to perform this action.' in Z:\home\localhost\www\yii\framework\web\auth\CAccessControlFilter.php:182
Stack trace:
#0 Z:\home\localhost\www\yii\framework\web\auth\CAccessControlFilter.php(145): CAccessControlFilter->accessDenied(Object(CWebUser), 'You are not aut...')
#1 Z:\home\localhost\www\yii\framework\web\filters\CFilter.php(38): CAccessControlFilter->preFilter(Object(CFilterChain))
#2 Z:\home\localhost\www\yii\framework\web\CController.php(1145): CFilter->filter(Object(CFilterChain))
#3 Z:\home\localhost\www\yii\framework\web\filters\CInlineFilter.php(58): CController->filterAccessControl(Object(CFilterChain))
#4 Z:\home\localhost\www\yii\framework\web\filters\CFilterChain.php(130): CInlineFilter->filter(Object(CFilterChain))
#5 Z:\home\localhost\www\yii\framework\web\CController.php(291): CFilterChain->run()
#6 Z:\home\localhost\www\yii\framework\web\CController.php(265): CController->runActionWithFilters(Object(CInlineAction), Array)
#7 Z:\home\localhost\www\yii\framework\web\CWebApplication.php(282): CController->run('admin')
#8 Z:\home\localhost\www\yii\framework\web\CWebApplication.php(141): CWebApplication->runController('task/admin')
#9 Z:\home\localhost\www\yii\framework\base\CApplication.php(180): CWebApplication->processRequest()
#10 Z:\home\test1.ru\www\index.php(13): CApplication->run()
#11 {main}
REQUEST_URI=/index.php?r=task/admin
HTTP_REFERER=http://test1.ru/index.php?r=task/view&id=1
---
2014/09/04 17:08:57 [error] [php] Missing argument 3 for CActiveForm::dropDownList(), called in Z:\home\test1.ru\www\protected\views\task\_form.php on line 57 and defined (Z:\home\localhost\www\yii\framework\web\widgets\CActiveForm.php:845)
Stack trace:
#0 Z:\home\localhost\www\yii\framework\web\CBaseController.php(95): TaskController->renderInternal()
#1 Z:\home\localhost\www\yii\framework\web\CController.php(869): TaskController->renderFile()
#2 Z:\home\test1.ru\www\protected\views\task\create.php(18): TaskController->renderPartial()
#3 Z:\home\localhost\www\yii\framework\web\CBaseController.php(126): require()
#4 Z:\home\localhost\www\yii\framework\web\CBaseController.php(95): TaskController->renderInternal()
#5 Z:\home\localhost\www\yii\framework\web\CController.php(869): TaskController->renderFile()
#6 Z:\home\localhost\www\yii\framework\web\CController.php(782): TaskController->renderPartial()
#7 Z:\home\test1.ru\www\protected\controllers\TaskController.php(79): TaskController->render()
#8 Z:\home\localhost\www\yii\framework\web\actions\CInlineAction.php(49): TaskController->actionCreate()
#9 Z:\home\localhost\www\yii\framework\web\CController.php(308): CInlineAction->runWithParams()
#10 Z:\home\localhost\www\yii\framework\web\filters\CFilterChain.php(133): TaskController->runAction()
#11 Z:\home\localhost\www\yii\framework\web\filters\CFilter.php(40): CFilterChain->run()
#12 Z:\home\localhost\www\yii\framework\web\CController.php(1145): CAccessControlFilter->filter()
#13 Z:\home\localhost\www\yii\framework\web\filters\CInlineFilter.php(58): TaskController->filterAccessControl()
#14 Z:\home\localhost\www\yii\framework\web\filters\CFilterChain.php(130): CInlineFilter->filter()
#15 Z:\home\localhost\www\yii\framework\web\CController.php(291): CFilterChain->run()
#16 Z:\home\localhost\www\yii\framework\web\CController.php(265): TaskController->runActionWithFilters()
#17 Z:\home\localhost\www\yii\framework\web\CWebApplication.php(282): TaskController->run()
#18 Z:\home\localhost\www\yii\framework\web\CWebApplication.php(141): CWebApplication->runController()
#19 Z:\home\localhost\www\yii\framework\base\CApplication.php(180): CWebApplication->processRequest()
#20 Z:\home\test1.ru\www\index.php(13): CWebApplication->run()
REQUEST_URI=/index.php?r=task/create
in Z:\home\test1.ru\www\protected\views\task\_form.php (57)
in Z:\home\test1.ru\www\protected\views\task\create.php (18)
in Z:\home\test1.ru\www\protected\controllers\TaskController.php (79)
2014/09/04 17:11:03 [error] [php] Object of class State could not be converted to string (Z:\home\localhost\www\yii\framework\web\helpers\CHtml.php:2343)
Stack trace:
#0 Z:\home\test1.ru\www\protected\views\task\_form.php(57): CActiveForm->dropDownList()
#1 Z:\home\localhost\www\yii\framework\web\CBaseController.php(126): require()
#2 Z:\home\localhost\www\yii\framework\web\CBaseController.php(95): TaskController->renderInternal()
#3 Z:\home\localhost\www\yii\framework\web\CController.php(869): TaskController->renderFile()
#4 Z:\home\test1.ru\www\protected\views\task\create.php(18): TaskController->renderPartial()
#5 Z:\home\localhost\www\yii\framework\web\CBaseController.php(126): require()
#6 Z:\home\localhost\www\yii\framework\web\CBaseController.php(95): TaskController->renderInternal()
#7 Z:\home\localhost\www\yii\framework\web\CController.php(869): TaskController->renderFile()
#8 Z:\home\localhost\www\yii\framework\web\CController.php(782): TaskController->renderPartial()
#9 Z:\home\test1.ru\www\protected\controllers\TaskController.php(79): TaskController->render()
#10 Z:\home\localhost\www\yii\framework\web\actions\CInlineAction.php(49): TaskController->actionCreate()
#11 Z:\home\localhost\www\yii\framework\web\CController.php(308): CInlineAction->runWithParams()
#12 Z:\home\localhost\www\yii\framework\web\filters\CFilterChain.php(133): TaskController->runAction()
#13 Z:\home\localhost\www\yii\framework\web\filters\CFilter.php(40): CFilterChain->run()
#14 Z:\home\localhost\www\yii\framework\web\CController.php(1145): CAccessControlFilter->filter()
#15 Z:\home\localhost\www\yii\framework\web\filters\CInlineFilter.php(58): TaskController->filterAccessControl()
#16 Z:\home\localhost\www\yii\framework\web\filters\CFilterChain.php(130): CInlineFilter->filter()
#17 Z:\home\localhost\www\yii\framework\web\CController.php(291): CFilterChain->run()
#18 Z:\home\localhost\www\yii\framework\web\CController.php(265): TaskController->runActionWithFilters()
#19 Z:\home\localhost\www\yii\framework\web\CWebApplication.php(282): TaskController->run()
#20 Z:\home\localhost\www\yii\framework\web\CWebApplication.php(141): CWebApplication->runController()
#21 Z:\home\localhost\www\yii\framework\base\CApplication.php(180): CWebApplication->processRequest()
#22 Z:\home\test1.ru\www\index.php(13): CWebApplication->run()
REQUEST_URI=/index.php?r=task/create
in Z:\home\test1.ru\www\protected\views\task\_form.php (57)
in Z:\home\test1.ru\www\protected\views\task\create.php (18)
in Z:\home\test1.ru\www\protected\controllers\TaskController.php (79)
2014/09/04 17:20:12 [error] [system.db.CDbCommand] CDbCommand::fetchAll() failed: SQLSTATE[42000]: Syntax error or access violation: 1064 You have an error in your SQL syntax; check the manual that corresponds to your MySQL server version for the right syntax to use near 'ORDER BY username' at line 1. The SQL statement executed was: SELECT * FROM `tbl_user` `t` WHERE id<> ORDER BY username.
in Z:\home\test1.ru\www\protected\views\task\_form.php (16)
in Z:\home\test1.ru\www\protected\views\task\update.php (21)
in Z:\home\test1.ru\www\protected\controllers\TaskController.php (103)
2014/09/04 17:20:12 [error] [exception.CDbException] exception 'CDbException' with message 'CDbCommand failed to execute the SQL statement: SQLSTATE[42000]: Syntax error or access violation: 1064 You have an error in your SQL syntax; check the manual that corresponds to your MySQL server version for the right syntax to use near 'ORDER BY username' at line 1. The SQL statement executed was: SELECT * FROM `tbl_user` `t` WHERE id<> ORDER BY username' in Z:\home\localhost\www\yii\framework\db\CDbCommand.php:543
Stack trace:
#0 Z:\home\localhost\www\yii\framework\db\CDbCommand.php(396): CDbCommand->queryInternal('fetchAll', Array, Array)
#1 Z:\home\localhost\www\yii\framework\db\ar\CActiveRecord.php(1351): CDbCommand->queryAll()
#2 Z:\home\localhost\www\yii\framework\db\ar\CActiveRecord.php(1470): CActiveRecord->query(Object(CDbCriteria), true)
#3 Z:\home\test1.ru\www\protected\views\task\_form.php(16): CActiveRecord->findAll(Array)
#4 Z:\home\localhost\www\yii\framework\web\CBaseController.php(126): require('Z:\home\test1.r...')
#5 Z:\home\localhost\www\yii\framework\web\CBaseController.php(95): CBaseController->renderInternal('Z:\home\test1.r...', Array, true)
#6 Z:\home\localhost\www\yii\framework\web\CController.php(869): CBaseController->renderFile('Z:\home\test1.r...', Array, true)
#7 Z:\home\test1.ru\www\protected\views\task\update.php(21): CController->renderPartial('_form', Array)
#8 Z:\home\localhost\www\yii\framework\web\CBaseController.php(126): require('Z:\home\test1.r...')
#9 Z:\home\localhost\www\yii\framework\web\CBaseController.php(95): CBaseController->renderInternal('Z:\home\test1.r...', Array, true)
#10 Z:\home\localhost\www\yii\framework\web\CController.php(869): CBaseController->renderFile('Z:\home\test1.r...', Array, true)
#11 Z:\home\localhost\www\yii\framework\web\CController.php(782): CController->renderPartial('update', Array, true)
#12 Z:\home\test1.ru\www\protected\controllers\TaskController.php(103): CController->render('update', Array)
#13 [internal function]: TaskController->actionUpdate('4')
#14 Z:\home\localhost\www\yii\framework\web\actions\CAction.php(108): ReflectionMethod->invokeArgs(Object(TaskController), Array)
#15 Z:\home\localhost\www\yii\framework\web\actions\CInlineAction.php(47): CAction->runWithParamsInternal(Object(TaskController), Object(ReflectionMethod), Array)
#16 Z:\home\localhost\www\yii\framework\web\CController.php(308): CInlineAction->runWithParams(Array)
#17 Z:\home\localhost\www\yii\framework\web\filters\CFilterChain.php(133): CController->runAction(Object(CInlineAction))
#18 Z:\home\localhost\www\yii\framework\web\filters\CFilter.php(40): CFilterChain->run()
#19 Z:\home\localhost\www\yii\framework\web\CController.php(1145): CFilter->filter(Object(CFilterChain))
#20 Z:\home\localhost\www\yii\framework\web\filters\CInlineFilter.php(58): CController->filterAccessControl(Object(CFilterChain))
#21 Z:\home\localhost\www\yii\framework\web\filters\CFilterChain.php(130): CInlineFilter->filter(Object(CFilterChain))
#22 Z:\home\localhost\www\yii\framework\web\CController.php(291): CFilterChain->run()
#23 Z:\home\localhost\www\yii\framework\web\CController.php(265): CController->runActionWithFilters(Object(CInlineAction), Array)
#24 Z:\home\localhost\www\yii\framework\web\CWebApplication.php(282): CController->run('update')
#25 Z:\home\localhost\www\yii\framework\web\CWebApplication.php(141): CWebApplication->runController('task/update')
#26 Z:\home\localhost\www\yii\framework\base\CApplication.php(180): CWebApplication->processRequest()
#27 Z:\home\test1.ru\www\index.php(13): CApplication->run()
#28 {main}
REQUEST_URI=/index.php?r=task/update&id=4
HTTP_REFERER=http://test1.ru/index.php?r=task/view&id=4
---
2014/09/05 10:28:35 [error] [exception.CHttpException.403] exception 'CHttpException' with message 'You are not authorized to perform this action.' in Z:\home\localhost\www\yii\framework\web\auth\CAccessControlFilter.php:182
Stack trace:
#0 Z:\home\localhost\www\yii\framework\web\auth\CAccessControlFilter.php(145): CAccessControlFilter->accessDenied(Object(CWebUser), 'You are not aut...')
#1 Z:\home\localhost\www\yii\framework\web\filters\CFilter.php(38): CAccessControlFilter->preFilter(Object(CFilterChain))
#2 Z:\home\localhost\www\yii\framework\web\CController.php(1145): CFilter->filter(Object(CFilterChain))
#3 Z:\home\localhost\www\yii\framework\web\filters\CInlineFilter.php(58): CController->filterAccessControl(Object(CFilterChain))
#4 Z:\home\localhost\www\yii\framework\web\filters\CFilterChain.php(130): CInlineFilter->filter(Object(CFilterChain))
#5 Z:\home\localhost\www\yii\framework\web\CController.php(291): CFilterChain->run()
#6 Z:\home\localhost\www\yii\framework\web\CController.php(265): CController->runActionWithFilters(Object(CInlineAction), Array)
#7 Z:\home\localhost\www\yii\framework\web\CWebApplication.php(282): CController->run('done')
#8 Z:\home\localhost\www\yii\framework\web\CWebApplication.php(141): CWebApplication->runController('task/done')
#9 Z:\home\localhost\www\yii\framework\base\CApplication.php(180): CWebApplication->processRequest()
#10 Z:\home\test1.ru\www\index.php(13): CApplication->run()
#11 {main}
REQUEST_URI=/index.php?r=task/done
HTTP_REFERER=http://test1.ru/index.php?r=task
---
2014/09/05 10:32:41 [error] [exception.CException] exception 'CException' with message 'Property "UserIdentity._id" is not defined.' in Z:\home\localhost\www\yii\framework\base\CComponent.php:173
Stack trace:
#0 Z:\home\test1.ru\www\protected\components\UserIdentity.php(27): CComponent->__set('_id', '4')
#1 Z:\home\test1.ru\www\protected\models\LoginForm.php(52): UserIdentity->authenticate()
#2 Z:\home\localhost\www\yii\framework\validators\CInlineValidator.php(42): LoginForm->authenticate('password', Array)
#3 Z:\home\localhost\www\yii\framework\validators\CValidator.php(213): CInlineValidator->validateAttribute(Object(LoginForm), 'password')
#4 Z:\home\localhost\www\yii\framework\base\CModel.php(159): CValidator->validate(Object(LoginForm), NULL)
#5 Z:\home\test1.ru\www\protected\controllers\SiteController.php(68): CModel->validate()
#6 Z:\home\localhost\www\yii\framework\web\actions\CInlineAction.php(49): SiteController->actionLogin()
#7 Z:\home\localhost\www\yii\framework\web\CController.php(308): CInlineAction->runWithParams(Array)
#8 Z:\home\localhost\www\yii\framework\web\CController.php(286): CController->runAction(Object(CInlineAction))
#9 Z:\home\localhost\www\yii\framework\web\CController.php(265): CController->runActionWithFilters(Object(CInlineAction), Array)
#10 Z:\home\localhost\www\yii\framework\web\CWebApplication.php(282): CController->run('login')
#11 Z:\home\localhost\www\yii\framework\web\CWebApplication.php(141): CWebApplication->runController('site/login')
#12 Z:\home\localhost\www\yii\framework\base\CApplication.php(180): CWebApplication->processRequest()
#13 Z:\home\test1.ru\www\index.php(13): CApplication->run()
#14 {main}
REQUEST_URI=/index.php?r=site/login
HTTP_REFERER=http://test1.ru/index.php?r=site/login
---
